[debug] [2021-08-03T15:42:15.582Z] ----------------------------------------------------------------------
[debug] [2021-08-03T15:42:15.583Z] Command:       /usr/local/bin/firebase /Users/zichenwang/.cache/firebase/tools/lib/node_modules/firebase-tools/lib/bin/firebase emulators:start
[debug] [2021-08-03T15:42:15.583Z] CLI Version:   9.8.0
[debug] [2021-08-03T15:42:15.583Z] Platform:      darwin
[debug] [2021-08-03T15:42:15.584Z] Node Version:  v12.2.0
[debug] [2021-08-03T15:42:15.585Z] Time:          Tue Aug 03 2021 11:42:15 GMT-0400 (Eastern Daylight Time)
[debug] [2021-08-03T15:42:15.585Z] ----------------------------------------------------------------------
[debug] 
[debug] [2021-08-03T15:42:15.596Z] > command requires scopes: ["email","openid","https://www.googleapis.com/auth/cloudplatformprojects.readonly","https://www.googleapis.com/auth/firebase","https://www.googleapis.com/auth/cloud-platform"]
[debug] [2021-08-03T15:42:15.596Z] > authorizing via signed-in user
[info] i  emulators: Starting emulators: functions, hosting {"metadata":{"emulator":{"name":"hub"},"message":"Starting emulators: functions, hosting"}}
[warn] ⚠  emulators: It seems that you are running multiple instances of the emulator suite for project clone-29599. This may result in unexpected behavior. 
[debug] [2021-08-03T15:42:15.615Z] [hub] writing locator at /var/folders/zv/gqdr7ttd5mj62mn9yd1pp5z00000gn/T/hub-clone-29599.json
[warn] ⚠  functions: The following emulators are not running, calls to these services from the Functions emulator will affect production: auth, firestore, database, pubsub {"metadata":{"emulator":{"name":"functions"},"message":"The following emulators are not running, calls to these services from the Functions emulator will affect production: \u001b[1mauth, firestore, database, pubsub\u001b[22m"}}
[info] ✔  functions: Using node@12 from host. {"metadata":{"emulator":{"name":"functions"},"message":"Using node@12 from host."}}
[debug] [2021-08-03T15:42:15.657Z] defaultcredentials: writing to file /Users/zichenwang/.config/firebase/despicableallen_gmail_com_application_default_credentials.json
[debug] [2021-08-03T15:42:15.661Z] Setting GAC to /Users/zichenwang/.config/firebase/despicableallen_gmail_com_application_default_credentials.json {"metadata":{"emulator":{"name":"functions"},"message":"Setting GAC to /Users/zichenwang/.config/firebase/despicableallen_gmail_com_application_default_credentials.json"}}
[debug] [2021-08-03T15:42:15.665Z] >>> [apiv2][query] GET https://firebase.googleapis.com/v1beta1/projects/clone-29599/adminSdkConfig [none]
[debug] [2021-08-03T15:42:15.957Z] <<< [apiv2][status] GET https://firebase.googleapis.com/v1beta1/projects/clone-29599/adminSdkConfig 200
[debug] [2021-08-03T15:42:15.957Z] <<< [apiv2][body] GET https://firebase.googleapis.com/v1beta1/projects/clone-29599/adminSdkConfig {"projectId":"clone-29599","storageBucket":"clone-29599.appspot.com","locationId":"us-central"}
[debug] [2021-08-03T15:42:15.998Z] >>> [apiv2][query] GET https://firebase.googleapis.com/v1beta1/projects/clone-29599/webApps/-/config [none]
[debug] [2021-08-03T15:42:16.460Z] <<< [apiv2][status] GET https://firebase.googleapis.com/v1beta1/projects/clone-29599/webApps/-/config 200
[debug] [2021-08-03T15:42:16.460Z] <<< [apiv2][body] GET https://firebase.googleapis.com/v1beta1/projects/clone-29599/webApps/-/config {"projectId":"clone-29599","appId":"1:201960144987:web:f6340286836f2be06a7f7e","storageBucket":"clone-29599.appspot.com","locationId":"us-central","apiKey":"AIzaSyB6mYbeANLh7mOK4HzQAH0K5nKmxatDrlY","authDomain":"clone-29599.firebaseapp.com","messagingSenderId":"201960144987","measurementId":"G-60PY8H3PPK"}
[info] i  hosting: Serving hosting files from: build {"metadata":{"emulator":{"name":"hosting"},"message":"Serving hosting files from: \u001b[1mbuild\u001b[22m"}}
[info] ✔  hosting: Local server: http://localhost:5000 {"metadata":{"emulator":{"name":"hosting"},"message":"Local server: \u001b[4m\u001b[1mhttp://localhost:5000\u001b[22m\u001b[24m"}}
[warn] ⚠  ui: Emulator UI unable to start on port 4000, starting on 4001 instead. {"metadata":{"emulator":{"name":"ui"},"message":"Emulator UI unable to start on port 4000, starting on 4001 instead."}}
[debug] [2021-08-03T15:42:16.529Z] Ignoring unsupported arg: auto_download {"metadata":{"emulator":{"name":"ui"},"message":"Ignoring unsupported arg: auto_download"}}
[debug] [2021-08-03T15:42:16.529Z] Ignoring unsupported arg: port {"metadata":{"emulator":{"name":"ui"},"message":"Ignoring unsupported arg: port"}}
[debug] [2021-08-03T15:42:16.529Z] Starting Emulator UI with command {"binary":"node","args":["/Users/zichenwang/.cache/firebase/emulators/ui-v1.4.2/server.bundle.js"],"optionalArgs":[],"joinArgs":false} {"metadata":{"emulator":{"name":"ui"},"message":"Starting Emulator UI with command {\"binary\":\"node\",\"args\":[\"/Users/zichenwang/.cache/firebase/emulators/ui-v1.4.2/server.bundle.js\"],\"optionalArgs\":[],\"joinArgs\":false}"}}
[info] i  ui: Emulator UI logging to ui-debug.log {"metadata":{"emulator":{"name":"ui"},"message":"Emulator UI logging to \u001b[1mui-debug.log\u001b[22m"}}
[debug] [2021-08-03T15:42:16.744Z] Web / API server started at http://localhost:4001
 {"metadata":{"emulator":{"name":"ui"},"message":"Web / API server started at http://localhost:4001\n"}}
[info] i  functions: Watching "/Users/zichenwang/Documents/GitHub/Amazon-Clone/amazon-clone/functions" for Cloud Functions... {"metadata":{"emulator":{"name":"functions"},"message":"Watching \"/Users/zichenwang/Documents/GitHub/Amazon-Clone/amazon-clone/functions\" for Cloud Functions..."}}
[debug] [2021-08-03T15:42:16.818Z] [worker-pool] addWorker(~diagnostic~) {"metadata":{"emulator":{"name":"functions"},"message":"[worker-pool] addWorker(~diagnostic~)"}}
[debug] [2021-08-03T15:42:16.819Z] [worker-pool] Adding worker with key ~diagnostic~, total=1 {"metadata":{"emulator":{"name":"functions"},"message":"[worker-pool] Adding worker with key ~diagnostic~, total=1"}}
[debug] [2021-08-03T15:42:16.820Z] [worker-pool] submitWork(triggerId=) {"metadata":{"emulator":{"name":"functions"},"message":"[worker-pool] submitWork(triggerId=)"}}
[debug] [2021-08-03T15:42:16.820Z] [worker-~diagnostic~-e9fa1842-1587-4d4c-a568-ab568360bd5c]: Assigning socketPath: /var/folders/zv/gqdr7ttd5mj62mn9yd1pp5z00000gn/T/fire_emu_21797.sock {"metadata":{"emulator":{"name":"functions"},"message":"[worker-~diagnostic~-e9fa1842-1587-4d4c-a568-ab568360bd5c]: Assigning socketPath: /var/folders/zv/gqdr7ttd5mj62mn9yd1pp5z00000gn/T/fire_emu_21797.sock"}}
[debug] [2021-08-03T15:42:16.821Z] [worker-~diagnostic~-e9fa1842-1587-4d4c-a568-ab568360bd5c]: BUSY {"metadata":{"emulator":{"name":"functions"},"message":"[worker-~diagnostic~-e9fa1842-1587-4d4c-a568-ab568360bd5c]: BUSY"}}
[debug] [2021-08-03T15:42:17.082Z] [runtime-status] [21797] Functions runtime initialized. {"cwd":"/Users/zichenwang/Documents/GitHub/Amazon-Clone/amazon-clone/functions","node_version":"12.2.0"} {"metadata":{"emulator":{"name":"functions"},"message":"[runtime-status] [21797] Functions runtime initialized. {\"cwd\":\"/Users/zichenwang/Documents/GitHub/Amazon-Clone/amazon-clone/functions\",\"node_version\":\"12.2.0\"}"}}
[debug] [2021-08-03T15:42:17.083Z] [runtime-status] [21797] Disabled runtime features: undefined {"metadata":{"emulator":{"name":"functions"},"message":"[runtime-status] [21797] Disabled runtime features: undefined"}}
[debug] [2021-08-03T15:42:17.087Z] [runtime-status] [21797] Resolved module firebase-admin {"declared":true,"installed":true,"version":"9.10.0","resolution":"/Users/zichenwang/Documents/GitHub/Amazon-Clone/amazon-clone/functions/node_modules/firebase-admin/lib/index.js"} {"metadata":{"emulator":{"name":"functions"},"message":"[runtime-status] [21797] Resolved module firebase-admin {\"declared\":true,\"installed\":true,\"version\":\"9.10.0\",\"resolution\":\"/Users/zichenwang/Documents/GitHub/Amazon-Clone/amazon-clone/functions/node_modules/firebase-admin/lib/index.js\"}"}}
[debug] [2021-08-03T15:42:17.088Z] [runtime-status] [21797] Resolved module firebase-functions {"declared":true,"installed":true,"version":"3.14.1","resolution":"/Users/zichenwang/Documents/GitHub/Amazon-Clone/amazon-clone/functions/node_modules/firebase-functions/lib/index.js"} {"metadata":{"emulator":{"name":"functions"},"message":"[runtime-status] [21797] Resolved module firebase-functions {\"declared\":true,\"installed\":true,\"version\":\"3.14.1\",\"resolution\":\"/Users/zichenwang/Documents/GitHub/Amazon-Clone/amazon-clone/functions/node_modules/firebase-functions/lib/index.js\"}"}}
[debug] [2021-08-03T15:42:17.089Z] [runtime-status] [21797] Resolved module firebase-functions {"declared":true,"installed":true,"version":"3.14.1","resolution":"/Users/zichenwang/Documents/GitHub/Amazon-Clone/amazon-clone/functions/node_modules/firebase-functions/lib/index.js"} {"metadata":{"emulator":{"name":"functions"},"message":"[runtime-status] [21797] Resolved module firebase-functions {\"declared\":true,\"installed\":true,\"version\":\"3.14.1\",\"resolution\":\"/Users/zichenwang/Documents/GitHub/Amazon-Clone/amazon-clone/functions/node_modules/firebase-functions/lib/index.js\"}"}}
[debug] [2021-08-03T15:42:17.091Z] [runtime-status] [21797] Outgoing network have been stubbed. [{"name":"http","status":"mocked"},{"name":"http","status":"mocked"},{"name":"https","status":"mocked"},{"name":"https","status":"mocked"},{"name":"net","status":"mocked"}] {"metadata":{"emulator":{"name":"functions"},"message":"[runtime-status] [21797] Outgoing network have been stubbed. [{\"name\":\"http\",\"status\":\"mocked\"},{\"name\":\"http\",\"status\":\"mocked\"},{\"name\":\"https\",\"status\":\"mocked\"},{\"name\":\"https\",\"status\":\"mocked\"},{\"name\":\"net\",\"status\":\"mocked\"}]"}}
[debug] [2021-08-03T15:42:17.091Z] [runtime-status] [21797] Resolved module firebase-functions {"declared":true,"installed":true,"version":"3.14.1","resolution":"/Users/zichenwang/Documents/GitHub/Amazon-Clone/amazon-clone/functions/node_modules/firebase-functions/lib/index.js"} {"metadata":{"emulator":{"name":"functions"},"message":"[runtime-status] [21797] Resolved module firebase-functions {\"declared\":true,\"installed\":true,\"version\":\"3.14.1\",\"resolution\":\"/Users/zichenwang/Documents/GitHub/Amazon-Clone/amazon-clone/functions/node_modules/firebase-functions/lib/index.js\"}"}}
[debug] [2021-08-03T15:42:17.168Z] [runtime-status] [21797] Checked functions.config() {"config":{}} {"metadata":{"emulator":{"name":"functions"},"message":"[runtime-status] [21797] Checked functions.config() {\"config\":{}}"}}
[debug] [2021-08-03T15:42:17.168Z] [runtime-status] [21797] firebase-functions has been stubbed. {"functionsResolution":{"declared":true,"installed":true,"version":"3.14.1","resolution":"/Users/zichenwang/Documents/GitHub/Amazon-Clone/amazon-clone/functions/node_modules/firebase-functions/lib/index.js"}} {"metadata":{"emulator":{"name":"functions"},"message":"[runtime-status] [21797] firebase-functions has been stubbed. {\"functionsResolution\":{\"declared\":true,\"installed\":true,\"version\":\"3.14.1\",\"resolution\":\"/Users/zichenwang/Documents/GitHub/Amazon-Clone/amazon-clone/functions/node_modules/firebase-functions/lib/index.js\"}}"}}
[debug] [2021-08-03T15:42:17.169Z] [runtime-status] [21797] Resolved module firebase-functions {"declared":true,"installed":true,"version":"3.14.1","resolution":"/Users/zichenwang/Documents/GitHub/Amazon-Clone/amazon-clone/functions/node_modules/firebase-functions/lib/index.js"} {"metadata":{"emulator":{"name":"functions"},"message":"[runtime-status] [21797] Resolved module firebase-functions {\"declared\":true,\"installed\":true,\"version\":\"3.14.1\",\"resolution\":\"/Users/zichenwang/Documents/GitHub/Amazon-Clone/amazon-clone/functions/node_modules/firebase-functions/lib/index.js\"}"}}
[debug] [2021-08-03T15:42:17.169Z] [runtime-status] [21797] Resolved module firebase-admin {"declared":true,"installed":true,"version":"9.10.0","resolution":"/Users/zichenwang/Documents/GitHub/Amazon-Clone/amazon-clone/functions/node_modules/firebase-admin/lib/index.js"} {"metadata":{"emulator":{"name":"functions"},"message":"[runtime-status] [21797] Resolved module firebase-admin {\"declared\":true,\"installed\":true,\"version\":\"9.10.0\",\"resolution\":\"/Users/zichenwang/Documents/GitHub/Amazon-Clone/amazon-clone/functions/node_modules/firebase-admin/lib/index.js\"}"}}
[debug] [2021-08-03T15:42:17.170Z] [runtime-status] [21797] Resolved module firebase-functions {"declared":true,"installed":true,"version":"3.14.1","resolution":"/Users/zichenwang/Documents/GitHub/Amazon-Clone/amazon-clone/functions/node_modules/firebase-functions/lib/index.js"} {"metadata":{"emulator":{"name":"functions"},"message":"[runtime-status] [21797] Resolved module firebase-functions {\"declared\":true,\"installed\":true,\"version\":\"3.14.1\",\"resolution\":\"/Users/zichenwang/Documents/GitHub/Amazon-Clone/amazon-clone/functions/node_modules/firebase-functions/lib/index.js\"}"}}
[debug] [2021-08-03T15:42:17.170Z] [runtime-status] [21797] firebase-admin has been stubbed. {"adminResolution":{"declared":true,"installed":true,"version":"9.10.0","resolution":"/Users/zichenwang/Documents/GitHub/Amazon-Clone/amazon-clone/functions/node_modules/firebase-admin/lib/index.js"}} {"metadata":{"emulator":{"name":"functions"},"message":"[runtime-status] [21797] firebase-admin has been stubbed. {\"adminResolution\":{\"declared\":true,\"installed\":true,\"version\":\"9.10.0\",\"resolution\":\"/Users/zichenwang/Documents/GitHub/Amazon-Clone/amazon-clone/functions/node_modules/firebase-admin/lib/index.js\"}}"}}
[info] ✔  functions[api]: http function initialized (http://localhost:5001/clone-29599/us-central1/api). {"metadata":{"emulator":{"name":"functions"},"message":"\u001b[1mhttp\u001b[22m function initialized (http://localhost:5001/clone-29599/us-central1/api)."}}
[info] 
┌─────────────────────────────────────────────────────────────┐
│ ✔  All emulators ready! It is now safe to connect your app. │
│ i  View Emulator UI at http://localhost:4001                │
└─────────────────────────────────────────────────────────────┘

┌───────────┬────────────────┬─────────────────────────────────┐
│ Emulator  │ Host:Port      │ View in Emulator UI             │
├───────────┼────────────────┼─────────────────────────────────┤
│ Functions │ localhost:5001 │ http://localhost:4001/functions │
├───────────┼────────────────┼─────────────────────────────────┤
│ Hosting   │ localhost:5000 │ n/a                             │
└───────────┴────────────────┴─────────────────────────────────┘
  Emulator Hub running at localhost:4400
  Other reserved ports: 4500

Issues? Report them at https://github.com/firebase/firebase-tools/issues and attach the *-debug.log files.
 
[debug] [2021-08-03T15:42:17.398Z] [worker-~diagnostic~-e9fa1842-1587-4d4c-a568-ab568360bd5c]: IDLE {"metadata":{"emulator":{"name":"functions"},"message":"[worker-~diagnostic~-e9fa1842-1587-4d4c-a568-ab568360bd5c]: IDLE"}}
[debug] [2021-08-03T15:42:24.750Z] [work-queue] {"queueLength":1,"workRunningCount":0}
[debug] [2021-08-03T15:42:24.750Z] [work-queue] {"queueLength":0,"workRunningCount":1}
[debug] [2021-08-03T15:42:24.751Z] Accepted request POST /clone-29599/us-central1/api/payments/create?total=2199 --> api
[debug] [2021-08-03T15:42:24.761Z] [worker-pool] addWorker(api) {"metadata":{"emulator":{"name":"functions"},"message":"[worker-pool] addWorker(api)"}}
[debug] [2021-08-03T15:42:24.762Z] [worker-pool] Adding worker with key api, total=1 {"metadata":{"emulator":{"name":"functions"},"message":"[worker-pool] Adding worker with key api, total=1"}}
[debug] [2021-08-03T15:42:24.762Z] [worker-pool] submitWork(triggerId=api) {"metadata":{"emulator":{"name":"functions"},"message":"[worker-pool] submitWork(triggerId=api)"}}
[debug] [2021-08-03T15:42:24.762Z] [worker-api-145638b5-5df4-409c-8d93-a17822b4bd5b]: Assigning socketPath: /var/folders/zv/gqdr7ttd5mj62mn9yd1pp5z00000gn/T/fire_emu_21804.sock {"metadata":{"emulator":{"name":"functions"},"message":"[worker-api-145638b5-5df4-409c-8d93-a17822b4bd5b]: Assigning socketPath: /var/folders/zv/gqdr7ttd5mj62mn9yd1pp5z00000gn/T/fire_emu_21804.sock"}}
[debug] [2021-08-03T15:42:24.762Z] [worker-api-145638b5-5df4-409c-8d93-a17822b4bd5b]: BUSY {"metadata":{"emulator":{"name":"functions"},"message":"[worker-api-145638b5-5df4-409c-8d93-a17822b4bd5b]: BUSY"}}
[debug] [2021-08-03T15:42:25.262Z] [runtime-status] [21804] Functions runtime initialized. {"cwd":"/Users/zichenwang/Documents/GitHub/Amazon-Clone/amazon-clone/functions","node_version":"12.2.0"} {"metadata":{"emulator":{"name":"functions"},"function":{"name":"api"},"message":"[runtime-status] [21804] Functions runtime initialized. {\"cwd\":\"/Users/zichenwang/Documents/GitHub/Amazon-Clone/amazon-clone/functions\",\"node_version\":\"12.2.0\"}"}}
[debug] [2021-08-03T15:42:25.267Z] [runtime-status] [21804] Disabled runtime features: undefined {"metadata":{"emulator":{"name":"functions"},"function":{"name":"api"},"message":"[runtime-status] [21804] Disabled runtime features: undefined"}}
[debug] [2021-08-03T15:42:25.271Z] [runtime-status] [21804] Resolved module firebase-admin {"declared":true,"installed":true,"version":"9.10.0","resolution":"/Users/zichenwang/Documents/GitHub/Amazon-Clone/amazon-clone/functions/node_modules/firebase-admin/lib/index.js"} {"metadata":{"emulator":{"name":"functions"},"function":{"name":"api"},"message":"[runtime-status] [21804] Resolved module firebase-admin {\"declared\":true,\"installed\":true,\"version\":\"9.10.0\",\"resolution\":\"/Users/zichenwang/Documents/GitHub/Amazon-Clone/amazon-clone/functions/node_modules/firebase-admin/lib/index.js\"}"}}
[debug] [2021-08-03T15:42:25.274Z] [runtime-status] [21804] Resolved module firebase-functions {"declared":true,"installed":true,"version":"3.14.1","resolution":"/Users/zichenwang/Documents/GitHub/Amazon-Clone/amazon-clone/functions/node_modules/firebase-functions/lib/index.js"} {"metadata":{"emulator":{"name":"functions"},"function":{"name":"api"},"message":"[runtime-status] [21804] Resolved module firebase-functions {\"declared\":true,\"installed\":true,\"version\":\"3.14.1\",\"resolution\":\"/Users/zichenwang/Documents/GitHub/Amazon-Clone/amazon-clone/functions/node_modules/firebase-functions/lib/index.js\"}"}}
[debug] [2021-08-03T15:42:25.275Z] [runtime-status] [21804] Resolved module firebase-functions {"declared":true,"installed":true,"version":"3.14.1","resolution":"/Users/zichenwang/Documents/GitHub/Amazon-Clone/amazon-clone/functions/node_modules/firebase-functions/lib/index.js"} {"metadata":{"emulator":{"name":"functions"},"function":{"name":"api"},"message":"[runtime-status] [21804] Resolved module firebase-functions {\"declared\":true,\"installed\":true,\"version\":\"3.14.1\",\"resolution\":\"/Users/zichenwang/Documents/GitHub/Amazon-Clone/amazon-clone/functions/node_modules/firebase-functions/lib/index.js\"}"}}
[debug] [2021-08-03T15:42:25.278Z] [runtime-status] [21804] Outgoing network have been stubbed. [{"name":"http","status":"mocked"},{"name":"http","status":"mocked"},{"name":"https","status":"mocked"},{"name":"https","status":"mocked"},{"name":"net","status":"mocked"}] {"metadata":{"emulator":{"name":"functions"},"function":{"name":"api"},"message":"[runtime-status] [21804] Outgoing network have been stubbed. [{\"name\":\"http\",\"status\":\"mocked\"},{\"name\":\"http\",\"status\":\"mocked\"},{\"name\":\"https\",\"status\":\"mocked\"},{\"name\":\"https\",\"status\":\"mocked\"},{\"name\":\"net\",\"status\":\"mocked\"}]"}}
[debug] [2021-08-03T15:42:25.278Z] [runtime-status] [21804] Resolved module firebase-functions {"declared":true,"installed":true,"version":"3.14.1","resolution":"/Users/zichenwang/Documents/GitHub/Amazon-Clone/amazon-clone/functions/node_modules/firebase-functions/lib/index.js"} {"metadata":{"emulator":{"name":"functions"},"function":{"name":"api"},"message":"[runtime-status] [21804] Resolved module firebase-functions {\"declared\":true,\"installed\":true,\"version\":\"3.14.1\",\"resolution\":\"/Users/zichenwang/Documents/GitHub/Amazon-Clone/amazon-clone/functions/node_modules/firebase-functions/lib/index.js\"}"}}
[debug] [2021-08-03T15:42:25.355Z] [runtime-status] [21804] Checked functions.config() {"config":{}} {"metadata":{"emulator":{"name":"functions"},"function":{"name":"api"},"message":"[runtime-status] [21804] Checked functions.config() {\"config\":{}}"}}
[debug] [2021-08-03T15:42:25.356Z] [runtime-status] [21804] firebase-functions has been stubbed. {"functionsResolution":{"declared":true,"installed":true,"version":"3.14.1","resolution":"/Users/zichenwang/Documents/GitHub/Amazon-Clone/amazon-clone/functions/node_modules/firebase-functions/lib/index.js"}} {"metadata":{"emulator":{"name":"functions"},"function":{"name":"api"},"message":"[runtime-status] [21804] firebase-functions has been stubbed. {\"functionsResolution\":{\"declared\":true,\"installed\":true,\"version\":\"3.14.1\",\"resolution\":\"/Users/zichenwang/Documents/GitHub/Amazon-Clone/amazon-clone/functions/node_modules/firebase-functions/lib/index.js\"}}"}}
[debug] [2021-08-03T15:42:25.357Z] [runtime-status] [21804] Resolved module firebase-functions {"declared":true,"installed":true,"version":"3.14.1","resolution":"/Users/zichenwang/Documents/GitHub/Amazon-Clone/amazon-clone/functions/node_modules/firebase-functions/lib/index.js"} {"metadata":{"emulator":{"name":"functions"},"function":{"name":"api"},"message":"[runtime-status] [21804] Resolved module firebase-functions {\"declared\":true,\"installed\":true,\"version\":\"3.14.1\",\"resolution\":\"/Users/zichenwang/Documents/GitHub/Amazon-Clone/amazon-clone/functions/node_modules/firebase-functions/lib/index.js\"}"}}
[debug] [2021-08-03T15:42:25.360Z] [runtime-status] [21804] Resolved module firebase-admin {"declared":true,"installed":true,"version":"9.10.0","resolution":"/Users/zichenwang/Documents/GitHub/Amazon-Clone/amazon-clone/functions/node_modules/firebase-admin/lib/index.js"} {"metadata":{"emulator":{"name":"functions"},"function":{"name":"api"},"message":"[runtime-status] [21804] Resolved module firebase-admin {\"declared\":true,\"installed\":true,\"version\":\"9.10.0\",\"resolution\":\"/Users/zichenwang/Documents/GitHub/Amazon-Clone/amazon-clone/functions/node_modules/firebase-admin/lib/index.js\"}"}}
[debug] [2021-08-03T15:42:25.361Z] [runtime-status] [21804] Resolved module firebase-functions {"declared":true,"installed":true,"version":"3.14.1","resolution":"/Users/zichenwang/Documents/GitHub/Amazon-Clone/amazon-clone/functions/node_modules/firebase-functions/lib/index.js"} {"metadata":{"emulator":{"name":"functions"},"function":{"name":"api"},"message":"[runtime-status] [21804] Resolved module firebase-functions {\"declared\":true,\"installed\":true,\"version\":\"3.14.1\",\"resolution\":\"/Users/zichenwang/Documents/GitHub/Amazon-Clone/amazon-clone/functions/node_modules/firebase-functions/lib/index.js\"}"}}
[debug] [2021-08-03T15:42:25.361Z] [runtime-status] [21804] firebase-admin has been stubbed. {"adminResolution":{"declared":true,"installed":true,"version":"9.10.0","resolution":"/Users/zichenwang/Documents/GitHub/Amazon-Clone/amazon-clone/functions/node_modules/firebase-admin/lib/index.js"}} {"metadata":{"emulator":{"name":"functions"},"function":{"name":"api"},"message":"[runtime-status] [21804] firebase-admin has been stubbed. {\"adminResolution\":{\"declared\":true,\"installed\":true,\"version\":\"9.10.0\",\"resolution\":\"/Users/zichenwang/Documents/GitHub/Amazon-Clone/amazon-clone/functions/node_modules/firebase-admin/lib/index.js\"}}"}}
[debug] [2021-08-03T15:42:25.649Z] [runtime-status] [21804] Trigger "api" has been found, beginning invocation! {"metadata":{"emulator":{"name":"functions"},"function":{"name":"api"},"message":"[runtime-status] [21804] Trigger \"api\" has been found, beginning invocation!"}}
[info] i  functions: Beginning execution of "api" {"metadata":{"emulator":{"name":"functions"},"function":{"name":"api"},"message":"Beginning execution of \"api\""}}
[debug] [2021-08-03T15:42:25.649Z] [runtime-status] [21804] triggerDefinition {"httpsTrigger":{},"name":"api","entryPoint":"api"} {"metadata":{"emulator":{"name":"functions"},"function":{"name":"api"},"message":"[runtime-status] [21804] triggerDefinition {\"httpsTrigger\":{},\"name\":\"api\",\"entryPoint\":\"api\"}"}}
[debug] [2021-08-03T15:42:25.650Z] [runtime-status] [21804] Running api in mode HTTPS {"metadata":{"emulator":{"name":"functions"},"function":{"name":"api"},"message":"[runtime-status] [21804] Running api in mode HTTPS"}}
[debug] [2021-08-03T15:42:25.655Z] [runtime-status] [21804] Attempting to listen to socketPath: /var/folders/zv/gqdr7ttd5mj62mn9yd1pp5z00000gn/T/fire_emu_21804.sock {"metadata":{"emulator":{"name":"functions"},"function":{"name":"api"},"message":"[runtime-status] [21804] Attempting to listen to socketPath: /var/folders/zv/gqdr7ttd5mj62mn9yd1pp5z00000gn/T/fire_emu_21804.sock"}}
[debug] [2021-08-03T15:42:25.660Z] [functions] Runtime ready! Sending request! {"metadata":{"emulator":{"name":"functions"},"message":"[functions] Runtime ready! Sending request!"}}
[debug] [2021-08-03T15:42:25.661Z] [functions] Got req.url=/clone-29599/us-central1/api/payments/create?total=2199, mapping to path=/payments/create?total=2199 {"metadata":{"emulator":{"name":"functions"},"message":"[functions] Got req.url=/clone-29599/us-central1/api/payments/create?total=2199, mapping to path=/payments/create?total=2199"}}
[debug] [2021-08-03T15:42:25.671Z] [runtime-status] [21804] Ephemeral server handling POST request {"metadata":{"emulator":{"name":"functions"},"function":{"name":"api"},"message":"[runtime-status] [21804] Ephemeral server handling POST request"}}
[info] >  Payment Request Received! for the amount >>> 2199 {"user":"Payment Request Received! for the amount >>> 2199","metadata":{"emulator":{"name":"functions"},"function":{"name":"api"},"message":"\u001b[90m> \u001b[39m Payment Request Received! for the amount >>> 2199"}}
[debug] [2021-08-03T15:42:25.689Z] [runtime-status] [21804] Ephemeral server survived. {"metadata":{"emulator":{"name":"functions"},"function":{"name":"api"},"message":"[runtime-status] [21804] Ephemeral server survived."}}
[info] i  functions: Finished "api" in ~1s {"metadata":{"emulator":{"name":"functions"},"function":{"name":"api"},"message":"Finished \"api\" in ~1s"}}
[debug] [2021-08-03T15:42:26.163Z] [worker-api-145638b5-5df4-409c-8d93-a17822b4bd5b]: IDLE {"metadata":{"emulator":{"name":"functions"},"message":"[worker-api-145638b5-5df4-409c-8d93-a17822b4bd5b]: IDLE"}}
[debug] [2021-08-03T15:42:26.163Z] [work-queue] {"queueLength":0,"workRunningCount":0}
[debug] [2021-08-03T15:42:32.887Z] [work-queue] {"queueLength":1,"workRunningCount":0}
[debug] [2021-08-03T15:42:32.888Z] [work-queue] {"queueLength":0,"workRunningCount":1}
[debug] [2021-08-03T15:42:32.888Z] Accepted request POST /clone-29599/us-central1/api/payments/create?total=0 --> api
[debug] [2021-08-03T15:42:32.888Z] [worker-pool] submitWork(triggerId=api) {"metadata":{"emulator":{"name":"functions"},"message":"[worker-pool] submitWork(triggerId=api)"}}
[debug] [2021-08-03T15:42:32.888Z] [worker-api-145638b5-5df4-409c-8d93-a17822b4bd5b]: Assigning socketPath: /var/folders/zv/gqdr7ttd5mj62mn9yd1pp5z00000gn/T/fire_emu_21804.sock {"metadata":{"emulator":{"name":"functions"},"message":"[worker-api-145638b5-5df4-409c-8d93-a17822b4bd5b]: Assigning socketPath: /var/folders/zv/gqdr7ttd5mj62mn9yd1pp5z00000gn/T/fire_emu_21804.sock"}}
[debug] [2021-08-03T15:42:32.889Z] [worker-api-145638b5-5df4-409c-8d93-a17822b4bd5b]: BUSY {"metadata":{"emulator":{"name":"functions"},"message":"[worker-api-145638b5-5df4-409c-8d93-a17822b4bd5b]: BUSY"}}
[debug] [2021-08-03T15:42:32.889Z] [runtime-status] [21804] Trigger "api" has been found, beginning invocation! {"metadata":{"emulator":{"name":"functions"},"function":{"name":"api"},"message":"[runtime-status] [21804] Trigger \"api\" has been found, beginning invocation!"}}
[info] i  functions: Beginning execution of "api" {"metadata":{"emulator":{"name":"functions"},"function":{"name":"api"},"message":"Beginning execution of \"api\""}}
[debug] [2021-08-03T15:42:32.890Z] [runtime-status] [21804] triggerDefinition {"httpsTrigger":{},"name":"api","entryPoint":"api"} {"metadata":{"emulator":{"name":"functions"},"function":{"name":"api"},"message":"[runtime-status] [21804] triggerDefinition {\"httpsTrigger\":{},\"name\":\"api\",\"entryPoint\":\"api\"}"}}
[debug] [2021-08-03T15:42:32.890Z] [runtime-status] [21804] Running api in mode HTTPS {"metadata":{"emulator":{"name":"functions"},"function":{"name":"api"},"message":"[runtime-status] [21804] Running api in mode HTTPS"}}
[debug] [2021-08-03T15:42:32.891Z] [runtime-status] [21804] Attempting to listen to socketPath: /var/folders/zv/gqdr7ttd5mj62mn9yd1pp5z00000gn/T/fire_emu_21804.sock {"metadata":{"emulator":{"name":"functions"},"function":{"name":"api"},"message":"[runtime-status] [21804] Attempting to listen to socketPath: /var/folders/zv/gqdr7ttd5mj62mn9yd1pp5z00000gn/T/fire_emu_21804.sock"}}
[debug] [2021-08-03T15:42:32.892Z] [functions] Runtime ready! Sending request! {"metadata":{"emulator":{"name":"functions"},"message":"[functions] Runtime ready! Sending request!"}}
[debug] [2021-08-03T15:42:32.893Z] [functions] Got req.url=/clone-29599/us-central1/api/payments/create?total=0, mapping to path=/payments/create?total=0 {"metadata":{"emulator":{"name":"functions"},"message":"[functions] Got req.url=/clone-29599/us-central1/api/payments/create?total=0, mapping to path=/payments/create?total=0"}}
[debug] [2021-08-03T15:42:32.898Z] [runtime-status] [21804] Ephemeral server handling POST request {"metadata":{"emulator":{"name":"functions"},"function":{"name":"api"},"message":"[runtime-status] [21804] Ephemeral server handling POST request"}}
[info] >  Payment Request Received! for the amount >>> 0 {"user":"Payment Request Received! for the amount >>> 0","metadata":{"emulator":{"name":"functions"},"function":{"name":"api"},"message":"\u001b[90m> \u001b[39m Payment Request Received! for the amount >>> 0"}}
[debug] [2021-08-03T15:42:32.900Z] [runtime-status] [21804] Ephemeral server survived. {"metadata":{"emulator":{"name":"functions"},"function":{"name":"api"},"message":"[runtime-status] [21804] Ephemeral server survived."}}
[info] >  (node:21804) UnhandledPromiseRejectionWarning: Error: This value must be greater than or equal to 1. {"user":"(node:21804) UnhandledPromiseRejectionWarning: Error: This value must be greater than or equal to 1.","metadata":{"emulator":{"name":"functions"},"function":{"name":"api"},"message":"\u001b[90m> \u001b[39m (node:21804) UnhandledPromiseRejectionWarning: Error: This value must be greater than or equal to 1."}}
[info] >      at Function.generate (/Users/zichenwang/Documents/GitHub/Amazon-Clone/amazon-clone/functions/node_modules/stripe/lib/Error.js:40:16) {"user":"    at Function.generate (/Users/zichenwang/Documents/GitHub/Amazon-Clone/amazon-clone/functions/node_modules/stripe/lib/Error.js:40:16)","metadata":{"emulator":{"name":"functions"},"function":{"name":"api"},"message":"\u001b[90m> \u001b[39m     at Function.generate (/Users/zichenwang/Documents/GitHub/Amazon-Clone/amazon-clone/functions/node_modules/stripe/lib/Error.js:40:16)"}}
[info] >      at IncomingMessage.<anonymous> (/Users/zichenwang/Documents/GitHub/Amazon-Clone/amazon-clone/functions/node_modules/stripe/lib/StripeResource.js:203:33) {"user":"    at IncomingMessage.<anonymous> (/Users/zichenwang/Documents/GitHub/Amazon-Clone/amazon-clone/functions/node_modules/stripe/lib/StripeResource.js:203:33)","metadata":{"emulator":{"name":"functions"},"function":{"name":"api"},"message":"\u001b[90m> \u001b[39m     at IncomingMessage.<anonymous> (/Users/zichenwang/Documents/GitHub/Amazon-Clone/amazon-clone/functions/node_modules/stripe/lib/StripeResource.js:203:33)"}}
[info] >      at Object.onceWrapper (events.js:284:20) {"user":"    at Object.onceWrapper (events.js:284:20)","metadata":{"emulator":{"name":"functions"},"function":{"name":"api"},"message":"\u001b[90m> \u001b[39m     at Object.onceWrapper (events.js:284:20)"}}
[info] >      at IncomingMessage.emit (events.js:201:15) {"user":"    at IncomingMessage.emit (events.js:201:15)","metadata":{"emulator":{"name":"functions"},"function":{"name":"api"},"message":"\u001b[90m> \u001b[39m     at IncomingMessage.emit (events.js:201:15)"}}
[info] >      at endReadableNT (_stream_readable.js:1130:12) {"user":"    at endReadableNT (_stream_readable.js:1130:12)","metadata":{"emulator":{"name":"functions"},"function":{"name":"api"},"message":"\u001b[90m> \u001b[39m     at endReadableNT (_stream_readable.js:1130:12)"}}
[info] >      at processTicksAndRejections (internal/process/task_queues.js:84:9) {"user":"    at processTicksAndRejections (internal/process/task_queues.js:84:9)","metadata":{"emulator":{"name":"functions"},"function":{"name":"api"},"message":"\u001b[90m> \u001b[39m     at processTicksAndRejections (internal/process/task_queues.js:84:9)"}}
[info] >  (node:21804) UnhandledPromiseRejectionWarning: Unhandled promise rejection. This error originated either by throwing inside of an async function without a catch block, or by rejecting a promise which was not handled with .catch(). (rejection id: 1) {"user":"(node:21804) UnhandledPromiseRejectionWarning: Unhandled promise rejection. This error originated either by throwing inside of an async function without a catch block, or by rejecting a promise which was not handled with .catch(). (rejection id: 1)","metadata":{"emulator":{"name":"functions"},"function":{"name":"api"},"message":"\u001b[90m> \u001b[39m (node:21804) UnhandledPromiseRejectionWarning: Unhandled promise rejection. This error originated either by throwing inside of an async function without a catch block, or by rejecting a promise which was not handled with .catch(). (rejection id: 1)"}}
[info] >  (node:21804) [DEP0018] DeprecationWarning: Unhandled promise rejections are deprecated. In the future, promise rejections that are not handled will terminate the Node.js process with a non-zero exit code. {"user":"(node:21804) [DEP0018] DeprecationWarning: Unhandled promise rejections are deprecated. In the future, promise rejections that are not handled will terminate the Node.js process with a non-zero exit code.","metadata":{"emulator":{"name":"functions"},"function":{"name":"api"},"message":"\u001b[90m> \u001b[39m (node:21804) [DEP0018] DeprecationWarning: Unhandled promise rejections are deprecated. In the future, promise rejections that are not handled will terminate the Node.js process with a non-zero exit code."}}
[warn] ⚠  functions: Your function timed out after ~60s. To configure this timeout, see
      https://firebase.google.com/docs/functions/manage-functions#set_timeout_and_memory_allocation. {"metadata":{"emulator":{"name":"functions"},"function":{"name":"api"},"message":"Your function timed out after ~60s. To configure this timeout, see\n      https://firebase.google.com/docs/functions/manage-functions#set_timeout_and_memory_allocation."}}
[info] >  /Users/zichenwang/.cache/firebase/tools/lib/node_modules/firebase-tools/lib/emulator/functionsEmulatorRuntime.js:644 {"user":"/Users/zichenwang/.cache/firebase/tools/lib/node_modules/firebase-tools/lib/emulator/functionsEmulatorRuntime.js:644","metadata":{"emulator":{"name":"functions"},"function":{"name":"api"},"message":"\u001b[90m> \u001b[39m /Users/zichenwang/.cache/firebase/tools/lib/node_modules/firebase-tools/lib/emulator/functionsEmulatorRuntime.js:644"}}
[info] >              throw new Error("Function timed out."); {"user":"            throw new Error(\"Function timed out.\");","metadata":{"emulator":{"name":"functions"},"function":{"name":"api"},"message":"\u001b[90m> \u001b[39m             throw new Error(\"Function timed out.\");"}}
[info] >              ^ {"user":"            ^","metadata":{"emulator":{"name":"functions"},"function":{"name":"api"},"message":"\u001b[90m> \u001b[39m             ^"}}
[info] >   {"user":"","metadata":{"emulator":{"name":"functions"},"function":{"name":"api"},"message":"\u001b[90m> \u001b[39m "}}
[info] >  Error: Function timed out. {"user":"Error: Function timed out.","metadata":{"emulator":{"name":"functions"},"function":{"name":"api"},"message":"\u001b[90m> \u001b[39m Error: Function timed out."}}
[info] >      at Timeout._onTimeout (/Users/zichenwang/.cache/firebase/tools/lib/node_modules/firebase-tools/lib/emulator/functionsEmulatorRuntime.js:644:19) {"user":"    at Timeout._onTimeout (/Users/zichenwang/.cache/firebase/tools/lib/node_modules/firebase-tools/lib/emulator/functionsEmulatorRuntime.js:644:19)","metadata":{"emulator":{"name":"functions"},"function":{"name":"api"},"message":"\u001b[90m> \u001b[39m     at Timeout._onTimeout (/Users/zichenwang/.cache/firebase/tools/lib/node_modules/firebase-tools/lib/emulator/functionsEmulatorRuntime.js:644:19)"}}
[info] >      at listOnTimeout (internal/timers.js:531:17) {"user":"    at listOnTimeout (internal/timers.js:531:17)","metadata":{"emulator":{"name":"functions"},"function":{"name":"api"},"message":"\u001b[90m> \u001b[39m     at listOnTimeout (internal/timers.js:531:17)"}}
[info] >      at processTimers (internal/timers.js:475:7) {"user":"    at processTimers (internal/timers.js:475:7)","metadata":{"emulator":{"name":"functions"},"function":{"name":"api"},"message":"\u001b[90m> \u001b[39m     at processTimers (internal/timers.js:475:7)"}}
[debug] [2021-08-03T15:43:32.920Z] [worker-api-145638b5-5df4-409c-8d93-a17822b4bd5b]: exited {"metadata":{"emulator":{"name":"functions"},"message":"[worker-api-145638b5-5df4-409c-8d93-a17822b4bd5b]: exited"}}
[debug] [2021-08-03T15:43:32.921Z] [worker-api-145638b5-5df4-409c-8d93-a17822b4bd5b]: FINISHED {"metadata":{"emulator":{"name":"functions"},"message":"[worker-api-145638b5-5df4-409c-8d93-a17822b4bd5b]: FINISHED"}}
[debug] [2021-08-03T15:43:32.921Z] [work-queue] {"queueLength":0,"workRunningCount":0}
